<?xml version="1.0" encoding="UTF-8"?>
<!-- Generated by org.testng.reporters.JUnitReportReporter -->
<testsuite hostname="DESKTOP-8NADLR6" failures="0" tests="1" name="testpkg.demotest" time="7.517" errors="0" timestamp="2023-11-29T12:08:53 IST" skipped="0">
  <testcase classname="testpkg.demotest" name="test" time="7.517"/>
  <system-out/>
</testsuite> <!-- testpkg.demotest -->
